[     855ms] [WARNING] Third-party cookie will be blocked. Learn more in the Issues tab. @ https://www.in-parallel.com/:0
[    1213ms] [ERROR] Failed to load resource: the server responded with a status of 400 () @ https://aplo-evnt.com/api/v1/intent_pixel/track_request?app_id=68ca66cd514877000d723180:0
[    1233ms] [WARNING] Third-party cookie will be blocked. Learn more in the Issues tab. @ https://www.in-parallel.com/:0
[    1233ms] [WARNING] Third-party cookie will be blocked. Learn more in the Issues tab. @ https://www.in-parallel.com/:0
[    1233ms] [WARNING] Third-party cookie will be blocked. Learn more in the Issues tab. @ https://www.in-parallel.com/:0
[    1237ms] [WARNING] Third-party cookie will be blocked. Learn more in the Issues tab. @ https://www.in-parallel.com/:0
[    1237ms] [WARNING] Third-party cookie will be blocked. Learn more in the Issues tab. @ https://www.in-parallel.com/:0
[    1237ms] [WARNING] Third-party cookie will be blocked. Learn more in the Issues tab. @ https://www.in-parallel.com/:0
[    1409ms] [WARNING] Third-party cookie will be blocked. Learn more in the Issues tab. @ https://www.in-parallel.com/:0
[    1409ms] [WARNING] Third-party cookie will be blocked. Learn more in the Issues tab. @ https://www.in-parallel.com/:0
[    1409ms] [WARNING] Third-party cookie will be blocked. Learn more in the Issues tab. @ https://www.in-parallel.com/:0
[    9041ms] [WARNING] Unrecognized feature: 'web-share'. @ https://framerusercontent.com/sites/65BsQOU7k29YV3AANxDurM/udwvZa1oy.CNjavir1.mjs:6
[    9579ms] [WARNING] Third-party cookie will be blocked. Learn more in the Issues tab. @ https://www.in-parallel.com/:0
[    9579ms] [WARNING] Third-party cookie will be blocked. Learn more in the Issues tab. @ https://www.in-parallel.com/:0
[    9932ms] [WARNING] Third-party cookie will be blocked. Learn more in the Issues tab. @ https://www.in-parallel.com/:0
[    9933ms] [WARNING] Third-party cookie will be blocked. Learn more in the Issues tab. @ https://www.in-parallel.com/:0
[    9933ms] [WARNING] Third-party cookie will be blocked. Learn more in the Issues tab. @ https://www.in-parallel.com/:0
[    9933ms] [WARNING] Third-party cookie will be blocked. Learn more in the Issues tab. @ https://www.in-parallel.com/:0
[   10020ms] [WARNING] Third-party cookie will be blocked. Learn more in the Issues tab. @ https://www.in-parallel.com/:0
[   10020ms] [WARNING] Third-party cookie will be blocked. Learn more in the Issues tab. @ https://www.in-parallel.com/:0
[   10029ms] [WARNING] Third-party cookie will be blocked. Learn more in the Issues tab. @ https://www.in-parallel.com/:0
[   10029ms] [WARNING] Third-party cookie will be blocked. Learn more in the Issues tab. @ https://www.in-parallel.com/:0
[   10029ms] [WARNING] Third-party cookie will be blocked. Learn more in the Issues tab. @ https://www.in-parallel.com/:0
[   10191ms] [WARNING] Third-party cookie will be blocked. Learn more in the Issues tab. @ https://www.in-parallel.com/:0
[   10191ms] [WARNING] Third-party cookie will be blocked. Learn more in the Issues tab. @ https://www.in-parallel.com/:0
[   10191ms] [WARNING] Third-party cookie will be blocked. Learn more in the Issues tab. @ https://www.in-parallel.com/:0
[   10191ms] [WARNING] Third-party cookie will be blocked. Learn more in the Issues tab. @ https://www.in-parallel.com/:0
[   10305ms] [WARNING] Third-party cookie will be blocked. Learn more in the Issues tab. @ https://www.in-parallel.com/:0
[   10305ms] [WARNING] Third-party cookie will be blocked. Learn more in the Issues tab. @ https://www.in-parallel.com/:0
[   10305ms] [WARNING] Third-party cookie will be blocked. Learn more in the Issues tab. @ https://www.in-parallel.com/:0
[   10305ms] [WARNING] Third-party cookie will be blocked. Learn more in the Issues tab. @ https://www.in-parallel.com/:0
[   10898ms] [WARNING] Third-party cookie will be blocked. Learn more in the Issues tab. @ https://www.in-parallel.com/:0
[   10898ms] [WARNING] Third-party cookie will be blocked. Learn more in the Issues tab. @ https://www.in-parallel.com/:0
[   10898ms] [WARNING] Third-party cookie will be blocked. Learn more in the Issues tab. @ https://www.in-parallel.com/:0
[   10898ms] [WARNING] Third-party cookie will be blocked. Learn more in the Issues tab. @ https://www.in-parallel.com/:0
[   11024ms] [WARNING] Third-party cookie will be blocked. Learn more in the Issues tab. @ https://www.in-parallel.com/:0
[   11024ms] [WARNING] Third-party cookie will be blocked. Learn more in the Issues tab. @ https://www.in-parallel.com/:0
[   11024ms] [WARNING] Third-party cookie will be blocked. Learn more in the Issues tab. @ https://www.in-parallel.com/:0
[   11024ms] [WARNING] Third-party cookie will be blocked. Learn more in the Issues tab. @ https://www.in-parallel.com/:0
