[     414ms] [WARNING] Third-party cookie will be blocked. Learn more in the Issues tab. @ https://www.in-parallel.com/:0
[     862ms] [ERROR] Failed to load resource: the server responded with a status of 400 () @ https://aplo-evnt.com/api/v1/intent_pixel/track_request?app_id=68ca66cd514877000d723180:0
[    1075ms] [WARNING] Third-party cookie will be blocked. Learn more in the Issues tab. @ https://www.in-parallel.com/:0
[    1075ms] [WARNING] Third-party cookie will be blocked. Learn more in the Issues tab. @ https://www.in-parallel.com/:0
[    1075ms] [WARNING] Third-party cookie will be blocked. Learn more in the Issues tab. @ https://www.in-parallel.com/:0
[    1075ms] [WARNING] Third-party cookie will be blocked. Learn more in the Issues tab. @ https://www.in-parallel.com/:0
[    1075ms] [WARNING] Third-party cookie will be blocked. Learn more in the Issues tab. @ https://www.in-parallel.com/:0
[    1075ms] [WARNING] Third-party cookie will be blocked. Learn more in the Issues tab. @ https://www.in-parallel.com/:0
[    1227ms] [WARNING] Third-party cookie will be blocked. Learn more in the Issues tab. @ https://www.in-parallel.com/:0
[    1227ms] [WARNING] Third-party cookie will be blocked. Learn more in the Issues tab. @ https://www.in-parallel.com/:0
[    1227ms] [WARNING] Third-party cookie will be blocked. Learn more in the Issues tab. @ https://www.in-parallel.com/:0
[   84771ms] [WARNING] Third-party cookie will be blocked. Learn more in the Issues tab. @ https://www.in-parallel.com/:0
[   85153ms] [ERROR] Failed to load resource: the server responded with a status of 400 () @ https://aplo-evnt.com/api/v1/intent_pixel/track_request?app_id=68ca66cd514877000d723180:0
[   85473ms] [WARNING] Third-party cookie will be blocked. Learn more in the Issues tab. @ https://www.in-parallel.com/:0
[   85473ms] [WARNING] Third-party cookie will be blocked. Learn more in the Issues tab. @ https://www.in-parallel.com/:0
[   85473ms] [WARNING] Third-party cookie will be blocked. Learn more in the Issues tab. @ https://www.in-parallel.com/:0
[   85480ms] [WARNING] Third-party cookie will be blocked. Learn more in the Issues tab. @ https://www.in-parallel.com/:0
[   85480ms] [WARNING] Third-party cookie will be blocked. Learn more in the Issues tab. @ https://www.in-parallel.com/:0
[   85480ms] [WARNING] Third-party cookie will be blocked. Learn more in the Issues tab. @ https://www.in-parallel.com/:0
[   85629ms] [WARNING] Third-party cookie will be blocked. Learn more in the Issues tab. @ https://www.in-parallel.com/:0
[   85629ms] [WARNING] Third-party cookie will be blocked. Learn more in the Issues tab. @ https://www.in-parallel.com/:0
[   85629ms] [WARNING] Third-party cookie will be blocked. Learn more in the Issues tab. @ https://www.in-parallel.com/:0
[   93388ms] [WARNING] Third-party cookie will be blocked. Learn more in the Issues tab. @ https://www.in-parallel.com/:0
[   93631ms] [WARNING] Third-party cookie will be blocked. Learn more in the Issues tab. @ https://www.in-parallel.com/:0
[   93631ms] [WARNING] Third-party cookie will be blocked. Learn more in the Issues tab. @ https://www.in-parallel.com/:0
[   93631ms] [WARNING] Third-party cookie will be blocked. Learn more in the Issues tab. @ https://www.in-parallel.com/:0
[   93631ms] [WARNING] Third-party cookie will be blocked. Learn more in the Issues tab. @ https://www.in-parallel.com/:0
[   93631ms] [WARNING] Third-party cookie will be blocked. Learn more in the Issues tab. @ https://www.in-parallel.com/:0
[   93631ms] [WARNING] Third-party cookie will be blocked. Learn more in the Issues tab. @ https://www.in-parallel.com/:0
[   93727ms] [ERROR] Failed to load resource: the server responded with a status of 400 () @ https://aplo-evnt.com/api/v1/intent_pixel/track_request?app_id=68ca66cd514877000d723180:0
[   93841ms] [WARNING] Third-party cookie will be blocked. Learn more in the Issues tab. @ https://www.in-parallel.com/:0
[   93841ms] [WARNING] Third-party cookie will be blocked. Learn more in the Issues tab. @ https://www.in-parallel.com/:0
[   93841ms] [WARNING] Third-party cookie will be blocked. Learn more in the Issues tab. @ https://www.in-parallel.com/:0
