[     246ms] [WARNING] Third-party cookie will be blocked. Learn more in the Issues tab. @ https://www.in-parallel.com/:0
[     948ms] [WARNING] Third-party cookie will be blocked. Learn more in the Issues tab. @ https://www.in-parallel.com/:0
[     948ms] [WARNING] Third-party cookie will be blocked. Learn more in the Issues tab. @ https://www.in-parallel.com/:0
[     948ms] [WARNING] Third-party cookie will be blocked. Learn more in the Issues tab. @ https://www.in-parallel.com/:0
[     955ms] [WARNING] Third-party cookie will be blocked. Learn more in the Issues tab. @ https://www.in-parallel.com/:0
[     955ms] [WARNING] Third-party cookie will be blocked. Learn more in the Issues tab. @ https://www.in-parallel.com/:0
[     955ms] [WARNING] Third-party cookie will be blocked. Learn more in the Issues tab. @ https://www.in-parallel.com/:0
[    1080ms] [ERROR] Failed to load resource: the server responded with a status of 400 () @ https://aplo-evnt.com/api/v1/intent_pixel/track_request?app_id=68ca66cd514877000d723180:0
[    1131ms] [WARNING] Third-party cookie will be blocked. Learn more in the Issues tab. @ https://www.in-parallel.com/:0
[    1131ms] [WARNING] Third-party cookie will be blocked. Learn more in the Issues tab. @ https://www.in-parallel.com/:0
[    1131ms] [WARNING] Third-party cookie will be blocked. Learn more in the Issues tab. @ https://www.in-parallel.com/:0
[  776168ms] [WARNING] Third-party cookie will be blocked. Learn more in the Issues tab. @ https://www.in-parallel.com/:0
[  776168ms] [WARNING] Third-party cookie will be blocked. Learn more in the Issues tab. @ https://www.in-parallel.com/:0
[  776682ms] [ERROR] Failed to load resource: the server responded with a status of 400 () @ https://aplo-evnt.com/api/v1/intent_pixel/track_request?app_id=68ca66cd514877000d723180:0
[  776853ms] [WARNING] Third-party cookie will be blocked. Learn more in the Issues tab. @ https://www.in-parallel.com/:0
[  776853ms] [WARNING] Third-party cookie will be blocked. Learn more in the Issues tab. @ https://www.in-parallel.com/:0
[  776853ms] [WARNING] Third-party cookie will be blocked. Learn more in the Issues tab. @ https://www.in-parallel.com/:0
[  776869ms] [WARNING] Third-party cookie will be blocked. Learn more in the Issues tab. @ https://www.in-parallel.com/:0
[  776869ms] [WARNING] Third-party cookie will be blocked. Learn more in the Issues tab. @ https://www.in-parallel.com/:0
[  776869ms] [WARNING] Third-party cookie will be blocked. Learn more in the Issues tab. @ https://www.in-parallel.com/:0
[  777018ms] [WARNING] Third-party cookie will be blocked. Learn more in the Issues tab. @ https://www.in-parallel.com/:0
[  777018ms] [WARNING] Third-party cookie will be blocked. Learn more in the Issues tab. @ https://www.in-parallel.com/:0
[  777018ms] [WARNING] Third-party cookie will be blocked. Learn more in the Issues tab. @ https://www.in-parallel.com/:0
